2022-05-26 19:20:34.471  INFO 18588 --- [main] c.o.analog.netflix.StorageApplication    : Starting StorageApplication using Java 11.0.9 on LAPTOP-H30V5EQT with PID 18588 (C:\Users\thepr_2iz2cnv\IdeaProjects\FILE-STORAGE-MICROSERVICE\target\classes started by thepr_2iz2cnv in C:\Users\thepr_2iz2cnv\IdeaProjects\FILE-STORAGE-MICROSERVICE)
2022-05-26 19:20:34.474  INFO 18588 --- [main] c.o.analog.netflix.StorageApplication    : No active profile set, falling back to 1 default profile: "default"
2022-05-26 19:20:35.432  INFO 18588 --- [main] .s.d.r.c.RepositoryConfigurationDelegate : Bootstrapping Spring Data JPA repositories in DEFAULT mode.
2022-05-26 19:20:35.532  INFO 18588 --- [main] .s.d.r.c.RepositoryConfigurationDelegate : Finished Spring Data repository scanning in 86 ms. Found 1 JPA repository interfaces.
2022-05-26 19:20:35.875  INFO 18588 --- [main] o.s.cloud.context.scope.GenericScope     : BeanFactory id=8eb236c9-ba5a-327b-a6f7-064949d9f091
2022-05-26 19:20:36.524  INFO 18588 --- [main] o.s.b.w.embedded.tomcat.TomcatWebServer  : Tomcat initialized with port(s): 9000 (http)
2022-05-26 19:20:36.543  INFO 18588 --- [main] o.apache.catalina.core.StandardService   : Starting service [Tomcat]
2022-05-26 19:20:36.545  INFO 18588 --- [main] org.apache.catalina.core.StandardEngine  : Starting Servlet engine: [Apache Tomcat/9.0.60]
2022-05-26 19:20:36.799  INFO 18588 --- [main] o.a.c.c.C.[Tomcat].[localhost].[/]       : Initializing Spring embedded WebApplicationContext
2022-05-26 19:20:36.800  INFO 18588 --- [main] w.s.c.ServletWebServerApplicationContext : Root WebApplicationContext: initialization completed in 2270 ms
2022-05-26 19:20:37.036  INFO 18588 --- [main] o.hibernate.jpa.internal.util.LogHelper  : HHH000204: Processing PersistenceUnitInfo [name: default]
2022-05-26 19:20:37.130  INFO 18588 --- [main] org.hibernate.Version                    : HHH000412: Hibernate ORM core version 5.6.7.Final
2022-05-26 19:20:37.450  INFO 18588 --- [main] o.hibernate.annotations.common.Version   : HCANN000001: Hibernate Commons Annotations {5.1.2.Final}
2022-05-26 19:20:37.612  INFO 18588 --- [main] com.zaxxer.hikari.HikariDataSource       : HikariPool-1 - Starting...
2022-05-26 19:20:37.793  INFO 18588 --- [main] com.zaxxer.hikari.HikariDataSource       : HikariPool-1 - Start completed.
2022-05-26 19:20:37.819  INFO 18588 --- [main] org.hibernate.dialect.Dialect            : HHH000400: Using dialect: org.hibernate.dialect.PostgreSQL94Dialect
2022-05-26 19:20:38.926  INFO 18588 --- [main] o.h.e.t.j.p.i.JtaPlatformInitiator       : HHH000490: Using JtaPlatform implementation: [org.hibernate.engine.transaction.jta.platform.internal.NoJtaPlatform]
2022-05-26 19:20:38.939  INFO 18588 --- [main] j.LocalContainerEntityManagerFactoryBean : Initialized JPA EntityManagerFactory for persistence unit 'default'
2022-05-26 19:20:39.594  WARN 18588 --- [main] JpaBaseConfiguration$JpaWebConfiguration : spring.jpa.open-in-view is enabled by default. Therefore, database queries may be performed during view rendering. Explicitly configure spring.jpa.open-in-view to disable this warning
2022-05-26 19:20:40.709  INFO 18588 --- [main] DiscoveryClientOptionalArgsConfiguration : Eureka HTTP Client uses RestTemplate.
2022-05-26 19:20:41.232  WARN 18588 --- [main] iguration$LoadBalancerCaffeineWarnLogger : Spring Cloud LoadBalancer is currently working with the default cache. While this cache implementation is useful for development and tests, it's recommended to use Caffeine cache in production.You can switch to using Caffeine cache, by adding it and org.springframework.cache.caffeine.CaffeineCacheManager to the classpath.
2022-05-26 19:20:41.351  INFO 18588 --- [main] o.s.c.n.eureka.InstanceInfoFactory       : Setting initial instance status as: STARTING
2022-05-26 19:20:41.385  INFO 18588 --- [main] com.netflix.discovery.DiscoveryClient    : Initializing Eureka in region us-east-1
2022-05-26 19:20:41.385  INFO 18588 --- [main] com.netflix.discovery.DiscoveryClient    : Client configured to neither register nor query for data.
2022-05-26 19:20:41.393  INFO 18588 --- [main] com.netflix.discovery.DiscoveryClient    : Discovery Client initialized at timestamp 1653582041391 with initial instances count: 0
2022-05-26 19:20:41.404  INFO 18588 --- [main] o.s.c.n.e.s.EurekaServiceRegistry        : Registering application FILE-STORE-SERVICE with eureka with status UP
2022-05-26 19:20:41.451  INFO 18588 --- [main] o.a.k.clients.consumer.ConsumerConfig    : ConsumerConfig values: 
	allow.auto.create.topics = true
	auto.commit.interval.ms = 5000
	auto.offset.reset = latest
	bootstrap.servers = [localhost:9092]
	check.crcs = true
	client.dns.lookup = use_all_dns_ips
	client.id = consumer-1-1
	client.rack = 
	connections.max.idle.ms = 540000
	default.api.timeout.ms = 60000
	enable.auto.commit = false
	exclude.internal.topics = true
	fetch.max.bytes = 52428800
	fetch.max.wait.ms = 500
	fetch.min.bytes = 1
	group.id = 1
	group.instance.id = null
	heartbeat.interval.ms = 3000
	interceptor.classes = []
	internal.leave.group.on.close = true
	internal.throw.on.fetch.stable.offset.unsupported = false
	isolation.level = read_uncommitted
	key.deserializer = class org.apache.kafka.common.serialization.StringDeserializer
	max.partition.fetch.bytes = 1048576
	max.poll.interval.ms = 300000
	max.poll.records = 500
	metadata.max.age.ms = 300000
	metric.reporters = []
	metrics.num.samples = 2
	metrics.recording.level = INFO
	metrics.sample.window.ms = 30000
	partition.assignment.strategy = [class org.apache.kafka.clients.consumer.RangeAssignor, class org.apache.kafka.clients.consumer.CooperativeStickyAssignor]
	receive.buffer.bytes = 65536
	reconnect.backoff.max.ms = 1000
	reconnect.backoff.ms = 50
	request.timeout.ms = 30000
	retry.backoff.ms = 100
	sasl.client.callback.handler.class = null
	sasl.jaas.config = null
	sasl.kerberos.kinit.cmd = /usr/bin/kinit
	sasl.kerberos.min.time.before.relogin = 60000
	sasl.kerberos.service.name = null
	sasl.kerberos.ticket.renew.jitter = 0.05
	sasl.kerberos.ticket.renew.window.factor = 0.8
	sasl.login.callback.handler.class = null
	sasl.login.class = null
	sasl.login.refresh.buffer.seconds = 300
	sasl.login.refresh.min.period.seconds = 60
	sasl.login.refresh.window.factor = 0.8
	sasl.login.refresh.window.jitter = 0.05
	sasl.mechanism = GSSAPI
	security.protocol = PLAINTEXT
	security.providers = null
	send.buffer.bytes = 131072
	session.timeout.ms = 45000
	socket.connection.setup.timeout.max.ms = 30000
	socket.connection.setup.timeout.ms = 10000
	ssl.cipher.suites = null
	ssl.enabled.protocols = [TLSv1.2, TLSv1.3]
	ssl.endpoint.identification.algorithm = https
	ssl.engine.factory.class = null
	ssl.key.password = null
	ssl.keymanager.algorithm = SunX509
	ssl.keystore.certificate.chain = null
	ssl.keystore.key = null
	ssl.keystore.location = null
	ssl.keystore.password = null
	ssl.keystore.type = JKS
	ssl.protocol = TLSv1.3
	ssl.provider = null
	ssl.secure.random.implementation = null
	ssl.trustmanager.algorithm = PKIX
	ssl.truststore.certificates = null
	ssl.truststore.location = null
	ssl.truststore.password = null
	ssl.truststore.type = JKS
	value.deserializer = class org.apache.kafka.common.serialization.ByteArrayDeserializer

2022-05-26 19:20:41.585  INFO 18588 --- [main] o.a.kafka.common.utils.AppInfoParser     : Kafka version: 3.0.1
2022-05-26 19:20:41.586  INFO 18588 --- [main] o.a.kafka.common.utils.AppInfoParser     : Kafka commitId: 8e30984f43e64d8b
2022-05-26 19:20:41.586  INFO 18588 --- [main] o.a.kafka.common.utils.AppInfoParser     : Kafka startTimeMs: 1653582041583
2022-05-26 19:20:41.590  INFO 18588 --- [main] o.a.k.clients.consumer.KafkaConsumer     : [Consumer clientId=consumer-1-1, groupId=1] Subscribed to topic(s): BYTE_IMAGE_COMPRESSOR_TOPIC
2022-05-26 19:20:41.606  INFO 18588 --- [main] o.a.k.clients.consumer.ConsumerConfig    : ConsumerConfig values: 
	allow.auto.create.topics = true
	auto.commit.interval.ms = 5000
	auto.offset.reset = latest
	bootstrap.servers = [localhost:9092]
	check.crcs = true
	client.dns.lookup = use_all_dns_ips
	client.id = consumer-id.1-2
	client.rack = 
	connections.max.idle.ms = 540000
	default.api.timeout.ms = 60000
	enable.auto.commit = false
	exclude.internal.topics = true
	fetch.max.bytes = 52428800
	fetch.max.wait.ms = 500
	fetch.min.bytes = 1
	group.id = id.1
	group.instance.id = null
	heartbeat.interval.ms = 3000
	interceptor.classes = []
	internal.leave.group.on.close = true
	internal.throw.on.fetch.stable.offset.unsupported = false
	isolation.level = read_uncommitted
	key.deserializer = class org.apache.kafka.common.serialization.StringDeserializer
	max.partition.fetch.bytes = 1048576
	max.poll.interval.ms = 300000
	max.poll.records = 500
	metadata.max.age.ms = 300000
	metric.reporters = []
	metrics.num.samples = 2
	metrics.recording.level = INFO
	metrics.sample.window.ms = 30000
	partition.assignment.strategy = [class org.apache.kafka.clients.consumer.RangeAssignor, class org.apache.kafka.clients.consumer.CooperativeStickyAssignor]
	receive.buffer.bytes = 65536
	reconnect.backoff.max.ms = 1000
	reconnect.backoff.ms = 50
	request.timeout.ms = 30000
	retry.backoff.ms = 100
	sasl.client.callback.handler.class = null
	sasl.jaas.config = null
	sasl.kerberos.kinit.cmd = /usr/bin/kinit
	sasl.kerberos.min.time.before.relogin = 60000
	sasl.kerberos.service.name = null
	sasl.kerberos.ticket.renew.jitter = 0.05
	sasl.kerberos.ticket.renew.window.factor = 0.8
	sasl.login.callback.handler.class = null
	sasl.login.class = null
	sasl.login.refresh.buffer.seconds = 300
	sasl.login.refresh.min.period.seconds = 60
	sasl.login.refresh.window.factor = 0.8
	sasl.login.refresh.window.jitter = 0.05
	sasl.mechanism = GSSAPI
	security.protocol = PLAINTEXT
	security.providers = null
	send.buffer.bytes = 131072
	session.timeout.ms = 45000
	socket.connection.setup.timeout.max.ms = 30000
	socket.connection.setup.timeout.ms = 10000
	ssl.cipher.suites = null
	ssl.enabled.protocols = [TLSv1.2, TLSv1.3]
	ssl.endpoint.identification.algorithm = https
	ssl.engine.factory.class = null
	ssl.key.password = null
	ssl.keymanager.algorithm = SunX509
	ssl.keystore.certificate.chain = null
	ssl.keystore.key = null
	ssl.keystore.location = null
	ssl.keystore.password = null
	ssl.keystore.type = JKS
	ssl.protocol = TLSv1.3
	ssl.provider = null
	ssl.secure.random.implementation = null
	ssl.trustmanager.algorithm = PKIX
	ssl.truststore.certificates = null
	ssl.truststore.location = null
	ssl.truststore.password = null
	ssl.truststore.type = JKS
	value.deserializer = class org.apache.kafka.common.serialization.StringDeserializer

2022-05-26 19:20:41.617  INFO 18588 --- [main] o.a.kafka.common.utils.AppInfoParser     : Kafka version: 3.0.1
2022-05-26 19:20:41.617  INFO 18588 --- [main] o.a.kafka.common.utils.AppInfoParser     : Kafka commitId: 8e30984f43e64d8b
2022-05-26 19:20:41.617  INFO 18588 --- [main] o.a.kafka.common.utils.AppInfoParser     : Kafka startTimeMs: 1653582041617
2022-05-26 19:20:41.618  INFO 18588 --- [main] o.a.k.clients.consumer.KafkaConsumer     : [Consumer clientId=consumer-id.1-2, groupId=id.1] Subscribed to topic(s): IMAGE_RESOLVER
2022-05-26 19:20:41.621  INFO 18588 --- [main] o.a.k.clients.consumer.ConsumerConfig    : ConsumerConfig values: 
	allow.auto.create.topics = true
	auto.commit.interval.ms = 5000
	auto.offset.reset = latest
	bootstrap.servers = [localhost:9092]
	check.crcs = true
	client.dns.lookup = use_all_dns_ips
	client.id = consumer-1-3
	client.rack = 
	connections.max.idle.ms = 540000
	default.api.timeout.ms = 60000
	enable.auto.commit = false
	exclude.internal.topics = true
	fetch.max.bytes = 52428800
	fetch.max.wait.ms = 500
	fetch.min.bytes = 1
	group.id = 1
	group.instance.id = null
	heartbeat.interval.ms = 3000
	interceptor.classes = []
	internal.leave.group.on.close = true
	internal.throw.on.fetch.stable.offset.unsupported = false
	isolation.level = read_uncommitted
	key.deserializer = class org.apache.kafka.common.serialization.StringDeserializer
	max.partition.fetch.bytes = 1048576
	max.poll.interval.ms = 300000
	max.poll.records = 500
	metadata.max.age.ms = 300000
	metric.reporters = []
	metrics.num.samples = 2
	metrics.recording.level = INFO
	metrics.sample.window.ms = 30000
	partition.assignment.strategy = [class org.apache.kafka.clients.consumer.RangeAssignor, class org.apache.kafka.clients.consumer.CooperativeStickyAssignor]
	receive.buffer.bytes = 65536
	reconnect.backoff.max.ms = 1000
	reconnect.backoff.ms = 50
	request.timeout.ms = 30000
	retry.backoff.ms = 100
	sasl.client.callback.handler.class = null
	sasl.jaas.config = null
	sasl.kerberos.kinit.cmd = /usr/bin/kinit
	sasl.kerberos.min.time.before.relogin = 60000
	sasl.kerberos.service.name = null
	sasl.kerberos.ticket.renew.jitter = 0.05
	sasl.kerberos.ticket.renew.window.factor = 0.8
	sasl.login.callback.handler.class = null
	sasl.login.class = null
	sasl.login.refresh.buffer.seconds = 300
	sasl.login.refresh.min.period.seconds = 60
	sasl.login.refresh.window.factor = 0.8
	sasl.login.refresh.window.jitter = 0.05
	sasl.mechanism = GSSAPI
	security.protocol = PLAINTEXT
	security.providers = null
	send.buffer.bytes = 131072
	session.timeout.ms = 45000
	socket.connection.setup.timeout.max.ms = 30000
	socket.connection.setup.timeout.ms = 10000
	ssl.cipher.suites = null
	ssl.enabled.protocols = [TLSv1.2, TLSv1.3]
	ssl.endpoint.identification.algorithm = https
	ssl.engine.factory.class = null
	ssl.key.password = null
	ssl.keymanager.algorithm = SunX509
	ssl.keystore.certificate.chain = null
	ssl.keystore.key = null
	ssl.keystore.location = null
	ssl.keystore.password = null
	ssl.keystore.type = JKS
	ssl.protocol = TLSv1.3
	ssl.provider = null
	ssl.secure.random.implementation = null
	ssl.trustmanager.algorithm = PKIX
	ssl.truststore.certificates = null
	ssl.truststore.location = null
	ssl.truststore.password = null
	ssl.truststore.type = JKS
	value.deserializer = class org.springframework.kafka.support.serializer.JsonDeserializer

2022-05-26 19:20:41.628  INFO 18588 --- [main] o.a.kafka.common.utils.AppInfoParser     : Kafka version: 3.0.1
2022-05-26 19:20:41.629  INFO 18588 --- [main] o.a.kafka.common.utils.AppInfoParser     : Kafka commitId: 8e30984f43e64d8b
2022-05-26 19:20:41.629  INFO 18588 --- [main] o.a.kafka.common.utils.AppInfoParser     : Kafka startTimeMs: 1653582041628
2022-05-26 19:20:41.629  INFO 18588 --- [main] o.a.k.clients.consumer.KafkaConsumer     : [Consumer clientId=consumer-1-3, groupId=1] Subscribed to topic(s): BASE64_IMAGE_COMPRESSOR_TOPIC
2022-05-26 19:20:41.645  INFO 18588 --- [main] o.s.b.w.embedded.tomcat.TomcatWebServer  : Tomcat started on port(s): 9000 (http) with context path ''
2022-05-26 19:20:41.646  INFO 18588 --- [main] .s.c.n.e.s.EurekaAutoServiceRegistration : Updating port to 9000
2022-05-26 19:20:42.142  INFO 18588 --- [main] c.o.analog.netflix.StorageApplication    : Started StorageApplication in 8.904 seconds (JVM running for 10.536)
2022-05-26 19:20:42.146  INFO 18588 --- [main] c.o.analog.netflix.StorageApplication    : aboba
2022-05-26 19:20:44.084  WARN 18588 --- [org.springframework.kafka.KafkaListenerEndpointContainer#0-0-C-1] org.apache.kafka.clients.NetworkClient   : [Consumer clientId=consumer-id.1-2, groupId=id.1] Connection to node -1 (localhost/127.0.0.1:9092) could not be established. Broker may not be available.
2022-05-26 19:20:44.084  WARN 18588 --- [org.springframework.kafka.KafkaListenerEndpointContainer#2-0-C-1] org.apache.kafka.clients.NetworkClient   : [Consumer clientId=consumer-1-1, groupId=1] Connection to node -1 (localhost/127.0.0.1:9092) could not be established. Broker may not be available.
2022-05-26 19:20:44.084  WARN 18588 --- [org.springframework.kafka.KafkaListenerEndpointContainer#1-0-C-1] org.apache.kafka.clients.NetworkClient   : [Consumer clientId=consumer-1-3, groupId=1] Connection to node -1 (localhost/127.0.0.1:9092) could not be established. Broker may not be available.
2022-05-26 19:20:44.085  WARN 18588 --- [org.springframework.kafka.KafkaListenerEndpointContainer#2-0-C-1] org.apache.kafka.clients.NetworkClient   : [Consumer clientId=consumer-1-1, groupId=1] Bootstrap broker localhost:9092 (id: -1 rack: null) disconnected
2022-05-26 19:20:44.085  WARN 18588 --- [org.springframework.kafka.KafkaListenerEndpointContainer#0-0-C-1] org.apache.kafka.clients.NetworkClient   : [Consumer clientId=consumer-id.1-2, groupId=id.1] Bootstrap broker localhost:9092 (id: -1 rack: null) disconnected
2022-05-26 19:20:44.085  WARN 18588 --- [org.springframework.kafka.KafkaListenerEndpointContainer#1-0-C-1] org.apache.kafka.clients.NetworkClient   : [Consumer clientId=consumer-1-3, groupId=1] Bootstrap broker localhost:9092 (id: -1 rack: null) disconnected
2022-05-26 19:20:46.221  WARN 18588 --- [org.springframework.kafka.KafkaListenerEndpointContainer#0-0-C-1] org.apache.kafka.clients.NetworkClient   : [Consumer clientId=consumer-id.1-2, groupId=id.1] Connection to node -1 (localhost/127.0.0.1:9092) could not be established. Broker may not be available.
2022-05-26 19:20:46.221  WARN 18588 --- [org.springframework.kafka.KafkaListenerEndpointContainer#2-0-C-1] org.apache.kafka.clients.NetworkClient   : [Consumer clientId=consumer-1-1, groupId=1] Connection to node -1 (localhost/127.0.0.1:9092) could not be established. Broker may not be available.
2022-05-26 19:20:46.221  WARN 18588 --- [org.springframework.kafka.KafkaListenerEndpointContainer#1-0-C-1] org.apache.kafka.clients.NetworkClient   : [Consumer clientId=consumer-1-3, groupId=1] Connection to node -1 (localhost/127.0.0.1:9092) could not be established. Broker may not be available.
2022-05-26 19:20:46.222  WARN 18588 --- [org.springframework.kafka.KafkaListenerEndpointContainer#1-0-C-1] org.apache.kafka.clients.NetworkClient   : [Consumer clientId=consumer-1-3, groupId=1] Bootstrap broker localhost:9092 (id: -1 rack: null) disconnected
2022-05-26 19:20:46.222  WARN 18588 --- [org.springframework.kafka.KafkaListenerEndpointContainer#2-0-C-1] org.apache.kafka.clients.NetworkClient   : [Consumer clientId=consumer-1-1, groupId=1] Bootstrap broker localhost:9092 (id: -1 rack: null) disconnected
2022-05-26 19:20:46.222  WARN 18588 --- [org.springframework.kafka.KafkaListenerEndpointContainer#0-0-C-1] org.apache.kafka.clients.NetworkClient   : [Consumer clientId=consumer-id.1-2, groupId=id.1] Bootstrap broker localhost:9092 (id: -1 rack: null) disconnected
2022-05-26 19:20:48.370  WARN 18588 --- [org.springframework.kafka.KafkaListenerEndpointContainer#1-0-C-1] org.apache.kafka.clients.NetworkClient   : [Consumer clientId=consumer-1-3, groupId=1] Connection to node -1 (localhost/127.0.0.1:9092) could not be established. Broker may not be available.
2022-05-26 19:20:48.371  WARN 18588 --- [org.springframework.kafka.KafkaListenerEndpointContainer#1-0-C-1] org.apache.kafka.clients.NetworkClient   : [Consumer clientId=consumer-1-3, groupId=1] Bootstrap broker localhost:9092 (id: -1 rack: null) disconnected
2022-05-26 19:20:48.386  WARN 18588 --- [org.springframework.kafka.KafkaListenerEndpointContainer#0-0-C-1] org.apache.kafka.clients.NetworkClient   : [Consumer clientId=consumer-id.1-2, groupId=id.1] Connection to node -1 (localhost/127.0.0.1:9092) could not be established. Broker may not be available.
2022-05-26 19:20:48.387  WARN 18588 --- [org.springframework.kafka.KafkaListenerEndpointContainer#0-0-C-1] org.apache.kafka.clients.NetworkClient   : [Consumer clientId=consumer-id.1-2, groupId=id.1] Bootstrap broker localhost:9092 (id: -1 rack: null) disconnected
2022-05-26 19:20:48.450  WARN 18588 --- [org.springframework.kafka.KafkaListenerEndpointContainer#2-0-C-1] org.apache.kafka.clients.NetworkClient   : [Consumer clientId=consumer-1-1, groupId=1] Connection to node -1 (localhost/127.0.0.1:9092) could not be established. Broker may not be available.
2022-05-26 19:20:48.450  WARN 18588 --- [org.springframework.kafka.KafkaListenerEndpointContainer#2-0-C-1] org.apache.kafka.clients.NetworkClient   : [Consumer clientId=consumer-1-1, groupId=1] Bootstrap broker localhost:9092 (id: -1 rack: null) disconnected
2022-05-26 19:20:50.620  WARN 18588 --- [org.springframework.kafka.KafkaListenerEndpointContainer#0-0-C-1] org.apache.kafka.clients.NetworkClient   : [Consumer clientId=consumer-id.1-2, groupId=id.1] Connection to node -1 (localhost/127.0.0.1:9092) could not be established. Broker may not be available.
2022-05-26 19:20:50.621  WARN 18588 --- [org.springframework.kafka.KafkaListenerEndpointContainer#0-0-C-1] org.apache.kafka.clients.NetworkClient   : [Consumer clientId=consumer-id.1-2, groupId=id.1] Bootstrap broker localhost:9092 (id: -1 rack: null) disconnected
2022-05-26 19:20:50.667  WARN 18588 --- [org.springframework.kafka.KafkaListenerEndpointContainer#1-0-C-1] org.apache.kafka.clients.NetworkClient   : [Consumer clientId=consumer-1-3, groupId=1] Connection to node -1 (localhost/127.0.0.1:9092) could not be established. Broker may not be available.
2022-05-26 19:20:50.667  WARN 18588 --- [org.springframework.kafka.KafkaListenerEndpointContainer#1-0-C-1] org.apache.kafka.clients.NetworkClient   : [Consumer clientId=consumer-1-3, groupId=1] Bootstrap broker localhost:9092 (id: -1 rack: null) disconnected
2022-05-26 19:20:50.682  WARN 18588 --- [org.springframework.kafka.KafkaListenerEndpointContainer#2-0-C-1] org.apache.kafka.clients.NetworkClient   : [Consumer clientId=consumer-1-1, groupId=1] Connection to node -1 (localhost/127.0.0.1:9092) could not be established. Broker may not be available.
2022-05-26 19:20:50.683  WARN 18588 --- [org.springframework.kafka.KafkaListenerEndpointContainer#2-0-C-1] org.apache.kafka.clients.NetworkClient   : [Consumer clientId=consumer-1-1, groupId=1] Bootstrap broker localhost:9092 (id: -1 rack: null) disconnected
2022-05-26 19:20:53.082  WARN 18588 --- [org.springframework.kafka.KafkaListenerEndpointContainer#1-0-C-1] org.apache.kafka.clients.NetworkClient   : [Consumer clientId=consumer-1-3, groupId=1] Connection to node -1 (localhost/127.0.0.1:9092) could not be established. Broker may not be available.
2022-05-26 19:20:53.084  WARN 18588 --- [org.springframework.kafka.KafkaListenerEndpointContainer#1-0-C-1] org.apache.kafka.clients.NetworkClient   : [Consumer clientId=consumer-1-3, groupId=1] Bootstrap broker localhost:9092 (id: -1 rack: null) disconnected
2022-05-26 19:20:53.146  WARN 18588 --- [org.springframework.kafka.KafkaListenerEndpointContainer#0-0-C-1] org.apache.kafka.clients.NetworkClient   : [Consumer clientId=consumer-id.1-2, groupId=id.1] Connection to node -1 (localhost/127.0.0.1:9092) could not be established. Broker may not be available.
2022-05-26 19:20:53.146  WARN 18588 --- [org.springframework.kafka.KafkaListenerEndpointContainer#2-0-C-1] org.apache.kafka.clients.NetworkClient   : [Consumer clientId=consumer-1-1, groupId=1] Connection to node -1 (localhost/127.0.0.1:9092) could not be established. Broker may not be available.
2022-05-26 19:20:53.147  WARN 18588 --- [org.springframework.kafka.KafkaListenerEndpointContainer#2-0-C-1] org.apache.kafka.clients.NetworkClient   : [Consumer clientId=consumer-1-1, groupId=1] Bootstrap broker localhost:9092 (id: -1 rack: null) disconnected
2022-05-26 19:20:53.147  WARN 18588 --- [org.springframework.kafka.KafkaListenerEndpointContainer#0-0-C-1] org.apache.kafka.clients.NetworkClient   : [Consumer clientId=consumer-id.1-2, groupId=id.1] Bootstrap broker localhost:9092 (id: -1 rack: null) disconnected
2022-05-26 19:20:55.863  WARN 18588 --- [org.springframework.kafka.KafkaListenerEndpointContainer#1-0-C-1] org.apache.kafka.clients.NetworkClient   : [Consumer clientId=consumer-1-3, groupId=1] Connection to node -1 (localhost/127.0.0.1:9092) could not be established. Broker may not be available.
2022-05-26 19:20:55.864  WARN 18588 --- [org.springframework.kafka.KafkaListenerEndpointContainer#1-0-C-1] org.apache.kafka.clients.NetworkClient   : [Consumer clientId=consumer-1-3, groupId=1] Bootstrap broker localhost:9092 (id: -1 rack: null) disconnected
2022-05-26 19:20:55.927  WARN 18588 --- [org.springframework.kafka.KafkaListenerEndpointContainer#0-0-C-1] org.apache.kafka.clients.NetworkClient   : [Consumer clientId=consumer-id.1-2, groupId=id.1] Connection to node -1 (localhost/127.0.0.1:9092) could not be established. Broker may not be available.
2022-05-26 19:20:55.928  WARN 18588 --- [org.springframework.kafka.KafkaListenerEndpointContainer#0-0-C-1] org.apache.kafka.clients.NetworkClient   : [Consumer clientId=consumer-id.1-2, groupId=id.1] Bootstrap broker localhost:9092 (id: -1 rack: null) disconnected
2022-05-26 19:20:55.991  WARN 18588 --- [org.springframework.kafka.KafkaListenerEndpointContainer#2-0-C-1] org.apache.kafka.clients.NetworkClient   : [Consumer clientId=consumer-1-1, groupId=1] Connection to node -1 (localhost/127.0.0.1:9092) could not be established. Broker may not be available.
2022-05-26 19:20:55.992  WARN 18588 --- [org.springframework.kafka.KafkaListenerEndpointContainer#2-0-C-1] org.apache.kafka.clients.NetworkClient   : [Consumer clientId=consumer-1-1, groupId=1] Bootstrap broker localhost:9092 (id: -1 rack: null) disconnected
2022-05-26 19:20:58.741  WARN 18588 --- [org.springframework.kafka.KafkaListenerEndpointContainer#1-0-C-1] org.apache.kafka.clients.NetworkClient   : [Consumer clientId=consumer-1-3, groupId=1] Connection to node -1 (localhost/127.0.0.1:9092) could not be established. Broker may not be available.
2022-05-26 19:20:58.742  WARN 18588 --- [org.springframework.kafka.KafkaListenerEndpointContainer#1-0-C-1] org.apache.kafka.clients.NetworkClient   : [Consumer clientId=consumer-1-3, groupId=1] Bootstrap broker localhost:9092 (id: -1 rack: null) disconnected
2022-05-26 19:20:58.979  WARN 18588 --- [org.springframework.kafka.KafkaListenerEndpointContainer#0-0-C-1] org.apache.kafka.clients.NetworkClient   : [Consumer clientId=consumer-id.1-2, groupId=id.1] Connection to node -1 (localhost/127.0.0.1:9092) could not be established. Broker may not be available.
2022-05-26 19:20:58.980  WARN 18588 --- [org.springframework.kafka.KafkaListenerEndpointContainer#0-0-C-1] org.apache.kafka.clients.NetworkClient   : [Consumer clientId=consumer-id.1-2, groupId=id.1] Bootstrap broker localhost:9092 (id: -1 rack: null) disconnected
2022-05-26 19:20:59.105  WARN 18588 --- [org.springframework.kafka.KafkaListenerEndpointContainer#2-0-C-1] org.apache.kafka.clients.NetworkClient   : [Consumer clientId=consumer-1-1, groupId=1] Connection to node -1 (localhost/127.0.0.1:9092) could not be established. Broker may not be available.
2022-05-26 19:20:59.106  WARN 18588 --- [org.springframework.kafka.KafkaListenerEndpointContainer#2-0-C-1] org.apache.kafka.clients.NetworkClient   : [Consumer clientId=consumer-1-1, groupId=1] Bootstrap broker localhost:9092 (id: -1 rack: null) disconnected
2022-05-26 19:21:01.638  WARN 18588 --- [org.springframework.kafka.KafkaListenerEndpointContainer#1-0-C-1] org.apache.kafka.clients.NetworkClient   : [Consumer clientId=consumer-1-3, groupId=1] Connection to node -1 (localhost/127.0.0.1:9092) could not be established. Broker may not be available.
2022-05-26 19:21:01.639  WARN 18588 --- [org.springframework.kafka.KafkaListenerEndpointContainer#1-0-C-1] org.apache.kafka.clients.NetworkClient   : [Consumer clientId=consumer-1-3, groupId=1] Bootstrap broker localhost:9092 (id: -1 rack: null) disconnected
2022-05-26 19:21:02.076  WARN 18588 --- [org.springframework.kafka.KafkaListenerEndpointContainer#0-0-C-1] org.apache.kafka.clients.NetworkClient   : [Consumer clientId=consumer-id.1-2, groupId=id.1] Connection to node -1 (localhost/127.0.0.1:9092) could not be established. Broker may not be available.
2022-05-26 19:21:02.076  WARN 18588 --- [org.springframework.kafka.KafkaListenerEndpointContainer#0-0-C-1] org.apache.kafka.clients.NetworkClient   : [Consumer clientId=consumer-id.1-2, groupId=id.1] Bootstrap broker localhost:9092 (id: -1 rack: null) disconnected
2022-05-26 19:21:02.309  WARN 18588 --- [org.springframework.kafka.KafkaListenerEndpointContainer#2-0-C-1] org.apache.kafka.clients.NetworkClient   : [Consumer clientId=consumer-1-1, groupId=1] Connection to node -1 (localhost/127.0.0.1:9092) could not be established. Broker may not be available.
2022-05-26 19:21:02.310  WARN 18588 --- [org.springframework.kafka.KafkaListenerEndpointContainer#2-0-C-1] org.apache.kafka.clients.NetworkClient   : [Consumer clientId=consumer-1-1, groupId=1] Bootstrap broker localhost:9092 (id: -1 rack: null) disconnected
2022-05-26 19:21:04.853  WARN 18588 --- [org.springframework.kafka.KafkaListenerEndpointContainer#1-0-C-1] org.apache.kafka.clients.NetworkClient   : [Consumer clientId=consumer-1-3, groupId=1] Connection to node -1 (localhost/127.0.0.1:9092) could not be established. Broker may not be available.
2022-05-26 19:21:04.854  WARN 18588 --- [org.springframework.kafka.KafkaListenerEndpointContainer#1-0-C-1] org.apache.kafka.clients.NetworkClient   : [Consumer clientId=consumer-1-3, groupId=1] Bootstrap broker localhost:9092 (id: -1 rack: null) disconnected
2022-05-26 19:21:05.090  WARN 18588 --- [org.springframework.kafka.KafkaListenerEndpointContainer#0-0-C-1] org.apache.kafka.clients.NetworkClient   : [Consumer clientId=consumer-id.1-2, groupId=id.1] Connection to node -1 (localhost/127.0.0.1:9092) could not be established. Broker may not be available.
2022-05-26 19:21:05.091  WARN 18588 --- [org.springframework.kafka.KafkaListenerEndpointContainer#0-0-C-1] org.apache.kafka.clients.NetworkClient   : [Consumer clientId=consumer-id.1-2, groupId=id.1] Bootstrap broker localhost:9092 (id: -1 rack: null) disconnected
2022-05-26 19:21:05.322  WARN 18588 --- [org.springframework.kafka.KafkaListenerEndpointContainer#2-0-C-1] org.apache.kafka.clients.NetworkClient   : [Consumer clientId=consumer-1-1, groupId=1] Connection to node -1 (localhost/127.0.0.1:9092) could not be established. Broker may not be available.
2022-05-26 19:21:05.323  WARN 18588 --- [org.springframework.kafka.KafkaListenerEndpointContainer#2-0-C-1] org.apache.kafka.clients.NetworkClient   : [Consumer clientId=consumer-1-1, groupId=1] Bootstrap broker localhost:9092 (id: -1 rack: null) disconnected
